root-canal I 07-02 17:22:41.281 test_model.cc:73                         StartTimer()
Configuration file: /home/njr/code/zync/hostapd_895700.conf
BSS count 1, BSSID mask 00:00:00:00:00:00 (0 bits)
wlan1: interface state UNINITIALIZED->COUNTRY_UPDATE
Previous country code , new country code US 
Continue interface setup after channel list update
root-canal I 07-02 17:22:43.269 controller_properties.cc:1315            DELETE_STORED_LINK_KEY command validation failed (c121,excluded)
root-canal I 07-02 17:22:43.269 controller_properties.cc:1365            LE_ISO_READ_TEST_COUNTERS command validation failed (excluded,c46)
root-canal I 07-02 17:22:43.269 controller_properties.cc:1366            LE_ISO_RECEIVE_TEST command validation failed (excluded,c46)
root-canal I 07-02 17:22:43.269 controller_properties.cc:1367            LE_ISO_TEST_END command validation failed (excluded,c47)
root-canal I 07-02 17:22:43.269 controller_properties.cc:1369            LE_ISO_TRANSMIT_TEST command validation failed (excluded,c45)
root-canal I 07-02 17:22:43.269 controller_properties.cc:1387            LE_READ_ISO_LINK_QUALITY command validation failed (excluded,c50)
root-canal I 07-02 17:22:43.269 controller_properties.cc:1388            LE_READ_ISO_TX_SYNC command validation failed (excluded,c45)
root-canal I 07-02 17:22:43.269 controller_properties.cc:1407            LE_RECEIVER_TEST_V2 command validation failed (excluded,c13)
root-canal I 07-02 17:22:43.269 controller_properties.cc:1420            LE_REQUEST_PEER_SCA command validation failed (excluded,c44)
root-canal I 07-02 17:22:43.269 controller_properties.cc:1436            LE_SET_DATA_RELATED_ADDRESS_CHANGES command validation failed (excluded,c10)
root-canal I 07-02 17:22:43.269 controller_properties.cc:1472            LE_TRANSMITTER_TEST_V2 command validation failed (excluded,c12)
root-canal I 07-02 17:22:43.269 controller_properties.cc:1564            REMOTE_NAME_REQUEST_CANCEL command validation failed (c106,excluded)
root-canal I 07-02 17:22:43.269 controller_properties.cc:1618            WRITE_DEFAULT_ERRONEOUS_DATA_REPORTING command validation failed (c135,excluded)
root-canal I 07-02 17:22:43.269 dual_mode_controller.cc:268           0  updating the invalid packet handler
root-canal I 07-02 17:22:43.269 test_model.cc:199                     0  Initialized device with address da:4c:10:de:17:00
Channel list update timeout - try to continue anyway
Allowed channel: mode=1 chan=1 freq=2412 MHz max_tx_power=0 dBm
Allowed channel: mode=1 chan=2 freq=2417 MHz max_tx_power=0 dBm
Allowed channel: mode=1 chan=3 freq=2422 MHz max_tx_power=0 dBm
Allowed channel: mode=1 chan=4 freq=2427 MHz max_tx_power=0 dBm
Allowed channel: mode=1 chan=5 freq=2432 MHz max_tx_power=0 dBm
Allowed channel: mode=1 chan=6 freq=2437 MHz max_tx_power=0 dBm
Allowed channel: mode=1 chan=7 freq=2442 MHz max_tx_power=0 dBm
Allowed channel: mode=1 chan=8 freq=2447 MHz max_tx_power=0 dBm
Allowed channel: mode=1 chan=9 freq=2452 MHz max_tx_power=0 dBm
Allowed channel: mode=1 chan=10 freq=2457 MHz max_tx_power=0 dBm
Allowed channel: mode=1 chan=11 freq=2462 MHz max_tx_power=0 dBm
Completing interface initialization
Mode: IEEE 802.11g  Channel: 8  Frequency: 2447 MHz
DFS 0 channels required radar detection
RATE[0] rate=10 flags=0x1
RATE[1] rate=20 flags=0x1
RATE[2] rate=55 flags=0x1
RATE[3] rate=110 flags=0x1
hostapd_setup_bss(hapd=0x7f95000024f0 (wlan1), first=1)
wlan1: Flushing old station entries
wlan1: Deauthenticate all stations
Using interface wlan1 with hwaddr 00:13:10:85:fe:01 and ssid "AndroidWifi"
wlan1: Event TX_STATUS (16) received
unknown mgmt cb frame subtype 8
wlan1: interface state COUNTRY_UPDATE->ENABLED
wlan1: AP-ENABLED 
wlan1: Setup of interface done.
root-canal D 07-02 17:22:47.546 dual_mode_controller.cc:318           0  << Reset
root-canal D 07-02 17:22:47.547 dual_mode_controller.cc:476           0  << Read Local Supported Features
root-canal D 07-02 17:22:47.547 dual_mode_controller.cc:420           0  << Read Local Version Information
root-canal D 07-02 17:22:47.547 dual_mode_controller.cc:456           0  << Read BD_ADDR
root-canal D 07-02 17:22:47.547 dual_mode_controller.cc:466           0  << Read Local Supported Commands
root-canal D 07-02 17:22:47.548 dual_mode_controller.cc:1208          0  << Write Extended Inquiry Response
root-canal D 07-02 17:22:47.548 dual_mode_controller.cc:846           0  << Write Inquiry Mode
root-canal D 07-02 17:22:47.548 dual_mode_controller.cc:847           0     inquiry_mode=RSSI_OR_EXTENDED
root-canal D 07-02 17:22:47.548 dual_mode_controller.cc:683           0  << Read Inquiry Response Transmit Power Level
root-canal D 07-02 17:22:47.548 dual_mode_controller.cc:498           0  << Read Local Extended Features
root-canal D 07-02 17:22:47.548 dual_mode_controller.cc:499           0     page_number=1
root-canal D 07-02 17:22:47.548 dual_mode_controller.cc:332           0  << Read Buffer Size
root-canal D 07-02 17:22:47.548 dual_mode_controller.cc:956           0  << Read Class of Device
root-canal D 07-02 17:22:47.548 dual_mode_controller.cc:1187          0  << Read Local Name
root-canal D 07-02 17:22:47.548 dual_mode_controller.cc:1236          0  << Read Voice Setting
root-canal D 07-02 17:22:47.549 dual_mode_controller.cc:1259          0  << Read Number of Supported Iac
root-canal D 07-02 17:22:47.549 dual_mode_controller.cc:1269          0  << Read Current Iac Lap
root-canal D 07-02 17:22:47.549 dual_mode_controller.cc:3119          0  << Write Connection Accept Timeout
root-canal D 07-02 17:22:47.549 dual_mode_controller.cc:1632          0  << LE Read Local Supported Features Page 0
root-canal D 07-02 17:22:47.549 dual_mode_controller.cc:1589          0  << LE Read Buffer Size V2
root-canal D 07-02 17:22:47.549 dual_mode_controller.cc:2427          0  << LE Read Supported States
root-canal D 07-02 17:22:47.549 dual_mode_controller.cc:822           0  << Set Event Mask
root-canal D 07-02 17:22:47.549 dual_mode_controller.cc:823           0     event_mask=0x3cbff807fffbffff
root-canal D 07-02 17:22:47.549 dual_mode_controller.cc:1092          0  << Write Default Link Policy Settings
root-canal D 07-02 17:22:47.549 dual_mode_controller.cc:1093          0     default_link_policy_settings=0x7
root-canal D 07-02 17:22:47.549 dual_mode_controller.cc:1290          0  << Read Page Scan Activity
root-canal D 07-02 17:22:47.550 dual_mode_controller.cc:858           0  << Read Page Scan Type
root-canal D 07-02 17:22:47.550 dual_mode_controller.cc:498           0  << Read Local Extended Features
root-canal D 07-02 17:22:47.550 dual_mode_controller.cc:499           0     page_number=2
root-canal D 07-02 17:22:47.550 dual_mode_controller.cc:1517          0  << LE Set Event Mask
root-canal D 07-02 17:22:47.550 dual_mode_controller.cc:1518          0     le_event_mask=0x3021eff
root-canal D 07-02 17:22:47.550 dual_mode_controller.cc:1858          0  << LE Read Filter Accept List Size
root-canal D 07-02 17:22:47.550 dual_mode_controller.cc:1868          0  << LE Clear Filter Accept List
root-canal D 07-02 17:22:47.550 dual_mode_controller.cc:1920          0  << LE Read Resolving List Size
root-canal D 07-02 17:22:47.550 dual_mode_controller.cc:1909          0  << LE Clear Resolving List
root-canal D 07-02 17:22:47.550 dual_mode_controller.cc:1620          0  << LE Set Resolvable Private Address Timeout
root-canal D 07-02 17:22:47.550 dual_mode_controller.cc:1964          0  << LE Read Maximum Data Length
root-canal D 07-02 17:22:47.551 dual_mode_controller.cc:2034          0  << LE Read Suggested Default Data Length
root-canal D 07-02 17:22:47.551 dual_mode_controller.cc:3033          0  << LE Read Number of Supported Advertising Sets
root-canal D 07-02 17:22:47.551 dual_mode_controller.cc:1562          0  << LE Set Host Feature
root-canal D 07-02 17:22:47.551 dual_mode_controller.cc:1563          0     bit_number=32
root-canal D 07-02 17:22:47.551 dual_mode_controller.cc:1564          0     bit_value=1
root-canal D 07-02 17:22:47.552 dual_mode_controller.cc:1492          0  << Delete Stored Link Key
root-canal D 07-02 17:22:47.552 dual_mode_controller.cc:713           0  << Set Event Mask Page 2
root-canal D 07-02 17:22:47.552 dual_mode_controller.cc:714           0     event_mask_page_2=0x800000
root-canal D 07-02 17:22:47.552 dual_mode_controller.cc:486           0  << Read Local Supported Codecs V1
root-canal D 07-02 17:22:47.552 dual_mode_controller.cc:2045          0  << LE Write Suggested Default Data Length
root-canal D 07-02 17:22:47.552 dual_mode_controller.cc:1994          0  << LE Set Default Phy
root-canal D 07-02 17:22:49.433 dual_mode_controller.cc:318           0  << Reset
root-canal D 07-02 17:22:49.464 dual_mode_controller.cc:318           0  << Reset
root-canal D 07-02 17:22:49.471 dual_mode_controller.cc:822           0  << Set Event Mask
root-canal D 07-02 17:22:49.471 dual_mode_controller.cc:823           0     event_mask=0x3dbfffffffffffff
root-canal D 07-02 17:22:49.471 dual_mode_controller.cc:713           0  << Set Event Mask Page 2
root-canal D 07-02 17:22:49.471 dual_mode_controller.cc:714           0     event_mask_page_2=0x2000000
root-canal D 07-02 17:22:49.472 dual_mode_controller.cc:794           0  << Write LE Host Support
root-canal D 07-02 17:22:49.472 dual_mode_controller.cc:796           0     le_supported_host=true
root-canal D 07-02 17:22:49.474 dual_mode_controller.cc:1187          0  << Read Local Name
root-canal D 07-02 17:22:49.475 dual_mode_controller.cc:420           0  << Read Local Version Information
root-canal D 07-02 17:22:49.477 dual_mode_controller.cc:466           0  << Read Local Supported Commands
root-canal D 07-02 17:22:49.478 dual_mode_controller.cc:1632          0  << LE Read Local Supported Features Page 0
root-canal D 07-02 17:22:49.479 dual_mode_controller.cc:2427          0  << LE Read Supported States
root-canal D 07-02 17:22:49.480 dual_mode_controller.cc:498           0  << Read Local Extended Features
root-canal D 07-02 17:22:49.480 dual_mode_controller.cc:499           0     page_number=0
root-canal D 07-02 17:22:49.481 dual_mode_controller.cc:498           0  << Read Local Extended Features
root-canal D 07-02 17:22:49.481 dual_mode_controller.cc:499           0     page_number=1
root-canal D 07-02 17:22:49.482 dual_mode_controller.cc:498           0  << Read Local Extended Features
root-canal D 07-02 17:22:49.482 dual_mode_controller.cc:499           0     page_number=2
root-canal D 07-02 17:22:49.483 dual_mode_controller.cc:1517          0  << LE Set Event Mask
root-canal D 07-02 17:22:49.483 dual_mode_controller.cc:1518          0     le_event_mask=0x74d02fe7f
root-canal D 07-02 17:22:49.484 dual_mode_controller.cc:332           0  << Read Buffer Size
root-canal D 07-02 17:22:49.488 dual_mode_controller.cc:1589          0  << LE Read Buffer Size V2
root-canal D 07-02 17:22:49.490 dual_mode_controller.cc:486           0  << Read Local Supported Codecs V1
root-canal D 07-02 17:22:49.490 dual_mode_controller.cc:1858          0  << LE Read Filter Accept List Size
root-canal D 07-02 17:22:49.491 dual_mode_controller.cc:1920          0  << LE Read Resolving List Size
root-canal D 07-02 17:22:49.492 dual_mode_controller.cc:1964          0  << LE Read Maximum Data Length
root-canal D 07-02 17:22:49.492 dual_mode_controller.cc:764           0  << Write Simple Pairing Mode
root-canal D 07-02 17:22:49.492 dual_mode_controller.cc:766           0     simple_pairing_mode=true
root-canal D 07-02 17:22:49.509 dual_mode_controller.cc:808           0  << Write Secure Connections Host Support
root-canal D 07-02 17:22:49.509 dual_mode_controller.cc:810           0     secure_connections_host_support=true
root-canal D 07-02 17:22:49.514 dual_mode_controller.cc:2034          0  << LE Read Suggested Default Data Length
root-canal D 07-02 17:22:49.515 dual_mode_controller.cc:3023          0  << LE Read Maximum Advertising Data Length
root-canal D 07-02 17:22:49.521 dual_mode_controller.cc:3033          0  << LE Read Number of Supported Advertising Sets
root-canal D 07-02 17:22:49.521 dual_mode_controller.cc:2304          0  << LE Read Periodic Advertiser List Size
root-canal D 07-02 17:22:49.521 dual_mode_controller.cc:1562          0  << LE Set Host Feature
root-canal D 07-02 17:22:49.521 dual_mode_controller.cc:1563          0     bit_number=32
root-canal D 07-02 17:22:49.521 dual_mode_controller.cc:1564          0     bit_value=1
root-canal D 07-02 17:22:49.522 dual_mode_controller.cc:2472          0  << LE Get Vendor Capabilities
root-canal D 07-02 17:22:49.523 dual_mode_controller.cc:456           0  << Read BD_ADDR
root-canal D 07-02 17:22:49.524 dual_mode_controller.cc:2730          0  << LE APCF Read Extended Features
root-canal D 07-02 17:22:49.546 dual_mode_controller.cc:1620          0  << LE Set Resolvable Private Address Timeout
root-canal D 07-02 17:22:49.547 dual_mode_controller.cc:1092          0  << Write Default Link Policy Settings
root-canal D 07-02 17:22:49.547 dual_mode_controller.cc:1093          0     default_link_policy_settings=0x7
root-canal D 07-02 17:22:49.547 dual_mode_controller.cc:846           0  << Write Inquiry Mode
root-canal D 07-02 17:22:49.547 dual_mode_controller.cc:847           0     inquiry_mode=RSSI_OR_EXTENDED
root-canal D 07-02 17:22:49.547 dual_mode_controller.cc:869           0  << Write Page Scan Type
root-canal D 07-02 17:22:49.547 dual_mode_controller.cc:871           0     page_scan_type=INTERLACED
root-canal D 07-02 17:22:49.548 dual_mode_controller.cc:892           0  << Write Inquiry Scan Type
root-canal D 07-02 17:22:49.548 dual_mode_controller.cc:894           0     inquiry_scan_type=INTERLACED
root-canal D 07-02 17:22:49.548 dual_mode_controller.cc:966           0  << Write Class of Device
root-canal D 07-02 17:22:49.548 dual_mode_controller.cc:967           0     class_of_device=0x5a020c
root-canal D 07-02 17:22:49.548 dual_mode_controller.cc:989           0  << Write Page Timeout
root-canal D 07-02 17:22:49.548 dual_mode_controller.cc:990           0     page_timeout=8192
root-canal D 07-02 17:22:49.549 dual_mode_controller.cc:2417          0  << LE Rand
root-canal D 07-02 17:22:49.549 dual_mode_controller.cc:1643          0  << LE Set Random Address
root-canal D 07-02 17:22:49.549 dual_mode_controller.cc:1644          0     random_address=6d:3e:d8:07:76:da
root-canal D 07-02 17:22:49.550 dual_mode_controller.cc:1208          0  << Write Extended Inquiry Response
root-canal D 07-02 17:22:49.550 dual_mode_controller.cc:1197          0  << Write Local Name
root-canal D 07-02 17:22:49.551 dual_mode_controller.cc:1208          0  << Write Extended Inquiry Response
root-canal D 07-02 17:22:49.575 dual_mode_controller.cc:1208          0  << Write Extended Inquiry Response
root-canal D 07-02 17:22:49.575 dual_mode_controller.cc:1208          0  << Write Extended Inquiry Response
root-canal D 07-02 17:22:49.576 dual_mode_controller.cc:1208          0  << Write Extended Inquiry Response
root-canal D 07-02 17:22:49.576 dual_mode_controller.cc:1246          0  << Write Voice Setting
root-canal D 07-02 17:22:49.576 dual_mode_controller.cc:1247          0     voice_setting=0x60
root-canal D 07-02 17:22:49.577 dual_mode_controller.cc:1208          0  << Write Extended Inquiry Response
root-canal D 07-02 17:22:49.577 dual_mode_controller.cc:1208          0  << Write Extended Inquiry Response
root-canal D 07-02 17:22:49.586 dual_mode_controller.cc:1208          0  << Write Extended Inquiry Response
root-canal D 07-02 17:22:49.589 dual_mode_controller.cc:1208          0  << Write Extended Inquiry Response
root-canal D 07-02 17:22:49.590 dual_mode_controller.cc:1208          0  << Write Extended Inquiry Response
root-canal D 07-02 17:22:49.591 dual_mode_controller.cc:1208          0  << Write Extended Inquiry Response
root-canal D 07-02 17:22:49.591 dual_mode_controller.cc:1324          0  << Write Inquiry Scan Activity
root-canal D 07-02 17:22:49.592 dual_mode_controller.cc:1348          0  << Write Scan Enable
root-canal D 07-02 17:22:49.592 dual_mode_controller.cc:1349          0     scan_enable=NO_SCANS
root-canal D 07-02 17:22:49.592 dual_mode_controller.cc:1302          0  << Write Page Scan Activity
root-canal D 07-02 17:22:49.593 dual_mode_controller.cc:1348          0  << Write Scan Enable
root-canal D 07-02 17:22:49.593 dual_mode_controller.cc:1349          0     scan_enable=PAGE_SCAN_ONLY
root-canal D 07-02 17:22:49.593 dual_mode_controller.cc:1208          0  << Write Extended Inquiry Response
root-canal D 07-02 17:22:49.596 dual_mode_controller.cc:1208          0  << Write Extended Inquiry Response
root-canal D 07-02 17:22:49.599 dual_mode_controller.cc:1208          0  << Write Extended Inquiry Response
root-canal D 07-02 17:23:04.475 dual_mode_controller.cc:2510          0  << LE APCF Enable
root-canal D 07-02 17:23:04.475 dual_mode_controller.cc:2511          0     enable=ENABLED
root-canal D 07-02 17:23:04.511 dual_mode_controller.cc:2686          0  << LE APCF Service Data
root-canal D 07-02 17:23:04.511 dual_mode_controller.cc:2687          0     action=ADD
root-canal D 07-02 17:23:04.515 dual_mode_controller.cc:2523          0  << LE APCF Set Filtering Parameters
root-canal D 07-02 17:23:04.515 dual_mode_controller.cc:2524          0     action=ADD
root-canal D 07-02 17:23:04.520 dual_mode_controller.cc:2686          0  << LE APCF Service Data
root-canal D 07-02 17:23:04.520 dual_mode_controller.cc:2687          0     action=ADD
root-canal D 07-02 17:23:04.528 dual_mode_controller.cc:2523          0  << LE APCF Set Filtering Parameters
root-canal D 07-02 17:23:04.528 dual_mode_controller.cc:2524          0     action=ADD
root-canal D 07-02 17:23:04.546 dual_mode_controller.cc:2314          0  << LE Set Extended Scan Parameters
root-canal D 07-02 17:23:04.548 dual_mode_controller.cc:2327          0  << LE Set Extended Scan Enable
root-canal D 07-02 17:23:04.548 dual_mode_controller.cc:2328          0     enable=true
root-canal D 07-02 17:23:04.549 dual_mode_controller.cc:2327          0  << LE Set Extended Scan Enable
root-canal D 07-02 17:23:04.549 dual_mode_controller.cc:2328          0     enable=false
root-canal D 07-02 17:23:04.561 dual_mode_controller.cc:2314          0  << LE Set Extended Scan Parameters
root-canal D 07-02 17:23:04.564 dual_mode_controller.cc:2327          0  << LE Set Extended Scan Enable
root-canal D 07-02 17:23:04.564 dual_mode_controller.cc:2328          0     enable=true
root-canal D 07-02 17:23:10.478 dual_mode_controller.cc:2327          0  << LE Set Extended Scan Enable
root-canal D 07-02 17:23:10.478 dual_mode_controller.cc:2328          0     enable=false
root-canal D 07-02 17:23:10.483 dual_mode_controller.cc:2314          0  << LE Set Extended Scan Parameters
root-canal D 07-02 17:23:10.488 dual_mode_controller.cc:2327          0  << LE Set Extended Scan Enable
root-canal D 07-02 17:23:10.488 dual_mode_controller.cc:2328          0     enable=true
root-canal D 07-02 17:23:14.503 dual_mode_controller.cc:2327          0  << LE Set Extended Scan Enable
root-canal D 07-02 17:23:14.503 dual_mode_controller.cc:2328          0     enable=false
root-canal D 07-02 17:23:14.507 dual_mode_controller.cc:2523          0  << LE APCF Set Filtering Parameters
root-canal D 07-02 17:23:14.507 dual_mode_controller.cc:2524          0     action=DELETE
root-canal D 07-02 17:23:14.508 dual_mode_controller.cc:2523          0  << LE APCF Set Filtering Parameters
root-canal D 07-02 17:23:14.508 dual_mode_controller.cc:2524          0     action=DELETE
root-canal D 07-02 17:23:15.447 dual_mode_controller.cc:2510          0  << LE APCF Enable
root-canal D 07-02 17:23:15.447 dual_mode_controller.cc:2511          0     enable=ENABLED
root-canal D 07-02 17:23:15.448 dual_mode_controller.cc:2686          0  << LE APCF Service Data
root-canal D 07-02 17:23:15.448 dual_mode_controller.cc:2687          0     action=ADD
root-canal D 07-02 17:23:15.449 dual_mode_controller.cc:2523          0  << LE APCF Set Filtering Parameters
root-canal D 07-02 17:23:15.449 dual_mode_controller.cc:2524          0     action=ADD
root-canal D 07-02 17:23:15.453 dual_mode_controller.cc:2686          0  << LE APCF Service Data
root-canal D 07-02 17:23:15.453 dual_mode_controller.cc:2687          0     action=ADD
root-canal D 07-02 17:23:15.453 dual_mode_controller.cc:2523          0  << LE APCF Set Filtering Parameters
root-canal D 07-02 17:23:15.453 dual_mode_controller.cc:2524          0     action=ADD
root-canal D 07-02 17:23:15.454 dual_mode_controller.cc:2314          0  << LE Set Extended Scan Parameters
root-canal D 07-02 17:23:15.454 dual_mode_controller.cc:2327          0  << LE Set Extended Scan Enable
root-canal D 07-02 17:23:15.454 dual_mode_controller.cc:2328          0     enable=true
root-canal D 07-02 17:23:15.455 dual_mode_controller.cc:2327          0  << LE Set Extended Scan Enable
root-canal D 07-02 17:23:15.455 dual_mode_controller.cc:2328          0     enable=false
root-canal D 07-02 17:23:15.455 dual_mode_controller.cc:2314          0  << LE Set Extended Scan Parameters
root-canal D 07-02 17:23:15.456 dual_mode_controller.cc:2327          0  << LE Set Extended Scan Enable
root-canal D 07-02 17:23:15.456 dual_mode_controller.cc:2328          0     enable=true
root-canal D 07-02 17:28:15.545 dual_mode_controller.cc:2327          0  << LE Set Extended Scan Enable
root-canal D 07-02 17:28:15.545 dual_mode_controller.cc:2328          0     enable=false
root-canal D 07-02 17:28:15.549 dual_mode_controller.cc:2314          0  << LE Set Extended Scan Parameters
root-canal D 07-02 17:28:15.557 dual_mode_controller.cc:2327          0  << LE Set Extended Scan Enable
root-canal D 07-02 17:28:15.557 dual_mode_controller.cc:2328          0     enable=true
root-canal D 07-02 17:35:33.479 dual_mode_controller.cc:2327          0  << LE Set Extended Scan Enable
root-canal D 07-02 17:35:33.479 dual_mode_controller.cc:2328          0     enable=false
root-canal D 07-02 17:35:33.484 dual_mode_controller.cc:1643          0  << LE Set Random Address
root-canal D 07-02 17:35:33.484 dual_mode_controller.cc:1644          0     random_address=6e:03:1c:18:9e:14
root-canal D 07-02 17:35:33.486 dual_mode_controller.cc:2314          0  << LE Set Extended Scan Parameters
root-canal D 07-02 17:35:33.487 dual_mode_controller.cc:2327          0  << LE Set Extended Scan Enable
root-canal D 07-02 17:35:33.487 dual_mode_controller.cc:2328          0     enable=true
root-canal D 07-02 17:43:13.151 dual_mode_controller.cc:2327          0  << LE Set Extended Scan Enable
root-canal D 07-02 17:43:13.151 dual_mode_controller.cc:2328          0     enable=false
root-canal D 07-02 17:43:13.177 dual_mode_controller.cc:1643          0  << LE Set Random Address
root-canal D 07-02 17:43:13.177 dual_mode_controller.cc:1644          0     random_address=55:a7:7a:30:03:46
root-canal D 07-02 17:43:13.183 dual_mode_controller.cc:2314          0  << LE Set Extended Scan Parameters
root-canal D 07-02 17:43:13.184 dual_mode_controller.cc:2327          0  << LE Set Extended Scan Enable
root-canal D 07-02 17:43:13.184 dual_mode_controller.cc:2328          0     enable=true
root-canal D 07-02 17:50:34.367 dual_mode_controller.cc:2327          0  << LE Set Extended Scan Enable
root-canal D 07-02 17:50:34.367 dual_mode_controller.cc:2328          0     enable=false
root-canal D 07-02 17:50:34.369 dual_mode_controller.cc:1643          0  << LE Set Random Address
root-canal D 07-02 17:50:34.369 dual_mode_controller.cc:1644          0     random_address=4c:f6:9d:bf:a0:f9
root-canal D 07-02 17:50:34.370 dual_mode_controller.cc:2314          0  << LE Set Extended Scan Parameters
root-canal D 07-02 17:50:34.371 dual_mode_controller.cc:2327          0  << LE Set Extended Scan Enable
root-canal D 07-02 17:50:34.371 dual_mode_controller.cc:2328          0     enable=true
root-canal D 07-02 17:58:05.335 dual_mode_controller.cc:2327          0  << LE Set Extended Scan Enable
root-canal D 07-02 17:58:05.335 dual_mode_controller.cc:2328          0     enable=false
root-canal D 07-02 17:58:05.338 dual_mode_controller.cc:1643          0  << LE Set Random Address
root-canal D 07-02 17:58:05.338 dual_mode_controller.cc:1644          0     random_address=71:81:41:23:72:b6
root-canal D 07-02 17:58:05.340 dual_mode_controller.cc:2314          0  << LE Set Extended Scan Parameters
root-canal D 07-02 17:58:05.341 dual_mode_controller.cc:2327          0  << LE Set Extended Scan Enable
root-canal D 07-02 17:58:05.341 dual_mode_controller.cc:2328          0     enable=true
root-canal D 07-02 18:06:49.953 dual_mode_controller.cc:2327          0  << LE Set Extended Scan Enable
root-canal D 07-02 18:06:49.953 dual_mode_controller.cc:2328          0     enable=false
root-canal D 07-02 18:06:49.956 dual_mode_controller.cc:1643          0  << LE Set Random Address
root-canal D 07-02 18:06:49.956 dual_mode_controller.cc:1644          0     random_address=5b:3d:24:b3:64:c1
root-canal D 07-02 18:06:49.958 dual_mode_controller.cc:2314          0  << LE Set Extended Scan Parameters
root-canal D 07-02 18:06:49.960 dual_mode_controller.cc:2327          0  << LE Set Extended Scan Enable
root-canal D 07-02 18:06:49.960 dual_mode_controller.cc:2328          0     enable=true
root-canal D 07-02 18:14:59.950 dual_mode_controller.cc:2327          0  << LE Set Extended Scan Enable
root-canal D 07-02 18:14:59.950 dual_mode_controller.cc:2328          0     enable=false
root-canal D 07-02 18:14:59.995 dual_mode_controller.cc:1643          0  << LE Set Random Address
root-canal D 07-02 18:14:59.995 dual_mode_controller.cc:1644          0     random_address=59:fd:67:42:05:f5
root-canal D 07-02 18:14:59.997 dual_mode_controller.cc:2314          0  << LE Set Extended Scan Parameters
root-canal D 07-02 18:14:59.998 dual_mode_controller.cc:2327          0  << LE Set Extended Scan Enable
root-canal D 07-02 18:14:59.998 dual_mode_controller.cc:2328          0     enable=true
root-canal D 07-02 18:23:36.197 dual_mode_controller.cc:2327          0  << LE Set Extended Scan Enable
root-canal D 07-02 18:23:36.197 dual_mode_controller.cc:2328          0     enable=false
root-canal D 07-02 18:23:36.200 dual_mode_controller.cc:1643          0  << LE Set Random Address
root-canal D 07-02 18:23:36.200 dual_mode_controller.cc:1644          0     random_address=49:7f:4f:3b:df:95
root-canal D 07-02 18:23:36.201 dual_mode_controller.cc:2314          0  << LE Set Extended Scan Parameters
root-canal D 07-02 18:23:36.202 dual_mode_controller.cc:2327          0  << LE Set Extended Scan Enable
root-canal D 07-02 18:23:36.202 dual_mode_controller.cc:2328          0     enable=true
root-canal D 07-02 18:31:22.151 dual_mode_controller.cc:2327          0  << LE Set Extended Scan Enable
root-canal D 07-02 18:31:22.151 dual_mode_controller.cc:2328          0     enable=false
root-canal D 07-02 18:31:22.154 dual_mode_controller.cc:1643          0  << LE Set Random Address
root-canal D 07-02 18:31:22.154 dual_mode_controller.cc:1644          0     random_address=56:95:5b:e6:38:22
root-canal D 07-02 18:31:22.156 dual_mode_controller.cc:2314          0  << LE Set Extended Scan Parameters
root-canal D 07-02 18:31:22.158 dual_mode_controller.cc:2327          0  << LE Set Extended Scan Enable
root-canal D 07-02 18:31:22.158 dual_mode_controller.cc:2328          0     enable=true
root-canal D 07-02 18:40:02.503 dual_mode_controller.cc:2327          0  << LE Set Extended Scan Enable
root-canal D 07-02 18:40:02.503 dual_mode_controller.cc:2328          0     enable=false
root-canal D 07-02 18:40:02.506 dual_mode_controller.cc:1643          0  << LE Set Random Address
root-canal D 07-02 18:40:02.506 dual_mode_controller.cc:1644          0     random_address=5a:4c:62:d3:e8:0d
root-canal D 07-02 18:40:02.508 dual_mode_controller.cc:2314          0  << LE Set Extended Scan Parameters
root-canal D 07-02 18:40:02.509 dual_mode_controller.cc:2327          0  << LE Set Extended Scan Enable
root-canal D 07-02 18:40:02.509 dual_mode_controller.cc:2328          0     enable=true
root-canal D 07-02 18:47:03.097 dual_mode_controller.cc:2327          0  << LE Set Extended Scan Enable
root-canal D 07-02 18:47:03.097 dual_mode_controller.cc:2328          0     enable=false
root-canal D 07-02 18:47:03.098 dual_mode_controller.cc:1643          0  << LE Set Random Address
root-canal D 07-02 18:47:03.099 dual_mode_controller.cc:1644          0     random_address=65:69:be:c8:f6:71
root-canal D 07-02 18:47:03.100 dual_mode_controller.cc:2314          0  << LE Set Extended Scan Parameters
root-canal D 07-02 18:47:03.102 dual_mode_controller.cc:2327          0  << LE Set Extended Scan Enable
root-canal D 07-02 18:47:03.102 dual_mode_controller.cc:2328          0     enable=true
root-canal D 07-02 18:55:41.240 dual_mode_controller.cc:2327          0  << LE Set Extended Scan Enable
root-canal D 07-02 18:55:41.240 dual_mode_controller.cc:2328          0     enable=false
root-canal D 07-02 18:55:41.243 dual_mode_controller.cc:1643          0  << LE Set Random Address
root-canal D 07-02 18:55:41.243 dual_mode_controller.cc:1644          0     random_address=4e:f9:b7:b5:e0:e0
root-canal D 07-02 18:55:41.245 dual_mode_controller.cc:2314          0  << LE Set Extended Scan Parameters
root-canal D 07-02 18:55:41.247 dual_mode_controller.cc:2327          0  << LE Set Extended Scan Enable
root-canal D 07-02 18:55:41.247 dual_mode_controller.cc:2328          0     enable=true
root-canal D 07-02 19:04:18.746 dual_mode_controller.cc:2327          0  << LE Set Extended Scan Enable
root-canal D 07-02 19:04:18.746 dual_mode_controller.cc:2328          0     enable=false
root-canal D 07-02 19:04:18.835 dual_mode_controller.cc:1643          0  << LE Set Random Address
root-canal D 07-02 19:04:18.835 dual_mode_controller.cc:1644          0     random_address=63:a3:88:5e:2c:b1
root-canal D 07-02 19:04:18.837 dual_mode_controller.cc:2314          0  << LE Set Extended Scan Parameters
root-canal D 07-02 19:04:18.838 dual_mode_controller.cc:2327          0  << LE Set Extended Scan Enable
root-canal D 07-02 19:04:18.838 dual_mode_controller.cc:2328          0     enable=true
root-canal D 07-02 19:11:48.301 dual_mode_controller.cc:2327          0  << LE Set Extended Scan Enable
root-canal D 07-02 19:11:48.301 dual_mode_controller.cc:2328          0     enable=false
root-canal D 07-02 19:11:48.303 dual_mode_controller.cc:1643          0  << LE Set Random Address
root-canal D 07-02 19:11:48.303 dual_mode_controller.cc:1644          0     random_address=6a:bd:a2:f9:aa:64
root-canal D 07-02 19:11:48.304 dual_mode_controller.cc:2314          0  << LE Set Extended Scan Parameters
root-canal D 07-02 19:11:48.305 dual_mode_controller.cc:2327          0  << LE Set Extended Scan Enable
root-canal D 07-02 19:11:48.305 dual_mode_controller.cc:2328          0     enable=true
root-canal D 07-02 19:20:23.810 dual_mode_controller.cc:2327          0  << LE Set Extended Scan Enable
root-canal D 07-02 19:20:23.810 dual_mode_controller.cc:2328          0     enable=false
root-canal D 07-02 19:20:23.812 dual_mode_controller.cc:1643          0  << LE Set Random Address
root-canal D 07-02 19:20:23.812 dual_mode_controller.cc:1644          0     random_address=5e:05:b8:f5:17:f6
root-canal D 07-02 19:20:23.814 dual_mode_controller.cc:2314          0  << LE Set Extended Scan Parameters
root-canal D 07-02 19:20:23.816 dual_mode_controller.cc:2327          0  << LE Set Extended Scan Enable
root-canal D 07-02 19:20:23.816 dual_mode_controller.cc:2328          0     enable=true
root-canal D 07-02 19:29:09.775 dual_mode_controller.cc:2327          0  << LE Set Extended Scan Enable
root-canal D 07-02 19:29:09.775 dual_mode_controller.cc:2328          0     enable=false
root-canal D 07-02 19:29:09.777 dual_mode_controller.cc:1643          0  << LE Set Random Address
root-canal D 07-02 19:29:09.777 dual_mode_controller.cc:1644          0     random_address=6b:2f:f8:57:c5:d2
root-canal D 07-02 19:29:09.779 dual_mode_controller.cc:2314          0  << LE Set Extended Scan Parameters
root-canal D 07-02 19:29:09.781 dual_mode_controller.cc:2327          0  << LE Set Extended Scan Enable
root-canal D 07-02 19:29:09.781 dual_mode_controller.cc:2328          0     enable=true
root-canal D 07-02 19:37:48.183 dual_mode_controller.cc:2327          0  << LE Set Extended Scan Enable
root-canal D 07-02 19:37:48.183 dual_mode_controller.cc:2328          0     enable=false
root-canal D 07-02 19:37:48.185 dual_mode_controller.cc:1643          0  << LE Set Random Address
root-canal D 07-02 19:37:48.185 dual_mode_controller.cc:1644          0     random_address=6b:0b:00:51:a3:b4
root-canal D 07-02 19:37:48.187 dual_mode_controller.cc:2314          0  << LE Set Extended Scan Parameters
root-canal D 07-02 19:37:48.189 dual_mode_controller.cc:2327          0  << LE Set Extended Scan Enable
root-canal D 07-02 19:37:48.189 dual_mode_controller.cc:2328          0     enable=true
root-canal D 07-02 19:46:47.382 dual_mode_controller.cc:2327          0  << LE Set Extended Scan Enable
root-canal D 07-02 19:46:47.382 dual_mode_controller.cc:2328          0     enable=false
root-canal D 07-02 19:46:47.384 dual_mode_controller.cc:1643          0  << LE Set Random Address
root-canal D 07-02 19:46:47.384 dual_mode_controller.cc:1644          0     random_address=41:8d:83:a1:52:45
root-canal D 07-02 19:46:47.385 dual_mode_controller.cc:2314          0  << LE Set Extended Scan Parameters
root-canal D 07-02 19:46:47.387 dual_mode_controller.cc:2327          0  << LE Set Extended Scan Enable
root-canal D 07-02 19:46:47.387 dual_mode_controller.cc:2328          0     enable=true
root-canal D 07-02 19:53:59.898 dual_mode_controller.cc:2327          0  << LE Set Extended Scan Enable
root-canal D 07-02 19:53:59.898 dual_mode_controller.cc:2328          0     enable=false
root-canal D 07-02 19:53:59.900 dual_mode_controller.cc:1643          0  << LE Set Random Address
root-canal D 07-02 19:53:59.900 dual_mode_controller.cc:1644          0     random_address=4f:9c:f1:06:59:f3
root-canal D 07-02 19:53:59.902 dual_mode_controller.cc:2314          0  << LE Set Extended Scan Parameters
root-canal D 07-02 19:53:59.903 dual_mode_controller.cc:2327          0  << LE Set Extended Scan Enable
root-canal D 07-02 19:53:59.903 dual_mode_controller.cc:2328          0     enable=true
root-canal D 07-02 20:02:36.026 dual_mode_controller.cc:2327          0  << LE Set Extended Scan Enable
root-canal D 07-02 20:02:36.026 dual_mode_controller.cc:2328          0     enable=false
root-canal D 07-02 20:02:36.029 dual_mode_controller.cc:1643          0  << LE Set Random Address
root-canal D 07-02 20:02:36.029 dual_mode_controller.cc:1644          0     random_address=63:3a:e8:9e:c1:fe
root-canal D 07-02 20:02:36.030 dual_mode_controller.cc:2314          0  << LE Set Extended Scan Parameters
root-canal D 07-02 20:02:36.032 dual_mode_controller.cc:2327          0  << LE Set Extended Scan Enable
root-canal D 07-02 20:02:36.032 dual_mode_controller.cc:2328          0     enable=true
root-canal D 07-02 20:11:20.572 dual_mode_controller.cc:2327          0  << LE Set Extended Scan Enable
root-canal D 07-02 20:11:20.572 dual_mode_controller.cc:2328          0     enable=false
root-canal D 07-02 20:11:20.575 dual_mode_controller.cc:1643          0  << LE Set Random Address
root-canal D 07-02 20:11:20.575 dual_mode_controller.cc:1644          0     random_address=40:85:33:ce:43:fa
root-canal D 07-02 20:11:20.576 dual_mode_controller.cc:2314          0  << LE Set Extended Scan Parameters
root-canal D 07-02 20:11:20.577 dual_mode_controller.cc:2327          0  << LE Set Extended Scan Enable
root-canal D 07-02 20:11:20.577 dual_mode_controller.cc:2328          0     enable=true
root-canal D 07-02 20:19:12.705 dual_mode_controller.cc:2327          0  << LE Set Extended Scan Enable
root-canal D 07-02 20:19:12.705 dual_mode_controller.cc:2328          0     enable=false
root-canal D 07-02 20:19:12.707 dual_mode_controller.cc:1643          0  << LE Set Random Address
root-canal D 07-02 20:19:12.707 dual_mode_controller.cc:1644          0     random_address=5e:ea:13:58:f9:07
root-canal D 07-02 20:19:12.709 dual_mode_controller.cc:2314          0  << LE Set Extended Scan Parameters
root-canal D 07-02 20:19:12.713 dual_mode_controller.cc:2327          0  << LE Set Extended Scan Enable
root-canal D 07-02 20:19:12.714 dual_mode_controller.cc:2328          0     enable=true
root-canal D 07-02 20:28:11.717 dual_mode_controller.cc:2327          0  << LE Set Extended Scan Enable
root-canal D 07-02 20:28:11.717 dual_mode_controller.cc:2328          0     enable=false
root-canal D 07-02 20:28:11.719 dual_mode_controller.cc:1643          0  << LE Set Random Address
root-canal D 07-02 20:28:11.719 dual_mode_controller.cc:1644          0     random_address=6c:8d:b6:5f:31:02
root-canal D 07-02 20:28:11.722 dual_mode_controller.cc:2314          0  << LE Set Extended Scan Parameters
root-canal D 07-02 20:28:11.723 dual_mode_controller.cc:2327          0  << LE Set Extended Scan Enable
root-canal D 07-02 20:28:11.723 dual_mode_controller.cc:2328          0     enable=true
root-canal D 07-02 20:35:12.222 dual_mode_controller.cc:2327          0  << LE Set Extended Scan Enable
root-canal D 07-02 20:35:12.222 dual_mode_controller.cc:2328          0     enable=false
root-canal D 07-02 20:35:12.225 dual_mode_controller.cc:1643          0  << LE Set Random Address
root-canal D 07-02 20:35:12.225 dual_mode_controller.cc:1644          0     random_address=75:80:e3:25:15:f2
root-canal D 07-02 20:35:12.228 dual_mode_controller.cc:2314          0  << LE Set Extended Scan Parameters
root-canal D 07-02 20:35:12.231 dual_mode_controller.cc:2327          0  << LE Set Extended Scan Enable
root-canal D 07-02 20:35:12.231 dual_mode_controller.cc:2328          0     enable=true
root-canal D 07-02 20:42:48.733 dual_mode_controller.cc:2327          0  << LE Set Extended Scan Enable
root-canal D 07-02 20:42:48.734 dual_mode_controller.cc:2328          0     enable=false
root-canal D 07-02 20:42:48.736 dual_mode_controller.cc:1643          0  << LE Set Random Address
root-canal D 07-02 20:42:48.736 dual_mode_controller.cc:1644          0     random_address=61:2c:0d:2b:1f:ce
root-canal D 07-02 20:42:48.737 dual_mode_controller.cc:2314          0  << LE Set Extended Scan Parameters
root-canal D 07-02 20:42:48.739 dual_mode_controller.cc:2327          0  << LE Set Extended Scan Enable
root-canal D 07-02 20:42:48.739 dual_mode_controller.cc:2328          0     enable=true
root-canal D 07-02 20:50:15.248 dual_mode_controller.cc:2327          0  << LE Set Extended Scan Enable
root-canal D 07-02 20:50:15.248 dual_mode_controller.cc:2328          0     enable=false
root-canal D 07-02 20:50:15.250 dual_mode_controller.cc:1643          0  << LE Set Random Address
root-canal D 07-02 20:50:15.250 dual_mode_controller.cc:1644          0     random_address=74:42:0d:50:1b:11
root-canal D 07-02 20:50:15.251 dual_mode_controller.cc:2314          0  << LE Set Extended Scan Parameters
root-canal D 07-02 20:50:15.253 dual_mode_controller.cc:2327          0  << LE Set Extended Scan Enable
root-canal D 07-02 20:50:15.253 dual_mode_controller.cc:2328          0     enable=true
root-canal D 07-02 20:57:45.391 dual_mode_controller.cc:2327          0  << LE Set Extended Scan Enable
root-canal D 07-02 20:57:45.391 dual_mode_controller.cc:2328          0     enable=false
root-canal D 07-02 20:57:45.393 dual_mode_controller.cc:1643          0  << LE Set Random Address
root-canal D 07-02 20:57:45.393 dual_mode_controller.cc:1644          0     random_address=74:c3:9a:b1:8b:3e
root-canal D 07-02 20:57:45.395 dual_mode_controller.cc:2314          0  << LE Set Extended Scan Parameters
root-canal D 07-02 20:57:45.396 dual_mode_controller.cc:2327          0  << LE Set Extended Scan Enable
root-canal D 07-02 20:57:45.396 dual_mode_controller.cc:2328          0     enable=true
root-canal D 07-02 21:05:59.686 dual_mode_controller.cc:2327          0  << LE Set Extended Scan Enable
root-canal D 07-02 21:05:59.686 dual_mode_controller.cc:2328          0     enable=false
root-canal D 07-02 21:05:59.688 dual_mode_controller.cc:1643          0  << LE Set Random Address
root-canal D 07-02 21:05:59.688 dual_mode_controller.cc:1644          0     random_address=5c:e5:47:f9:3b:e6
root-canal D 07-02 21:05:59.691 dual_mode_controller.cc:2314          0  << LE Set Extended Scan Parameters
root-canal D 07-02 21:05:59.693 dual_mode_controller.cc:2327          0  << LE Set Extended Scan Enable
root-canal D 07-02 21:05:59.693 dual_mode_controller.cc:2328          0     enable=true
root-canal D 07-02 21:14:37.485 dual_mode_controller.cc:2327          0  << LE Set Extended Scan Enable
root-canal D 07-02 21:14:37.485 dual_mode_controller.cc:2328          0     enable=false
root-canal D 07-02 21:14:37.487 dual_mode_controller.cc:1643          0  << LE Set Random Address
root-canal D 07-02 21:14:37.487 dual_mode_controller.cc:1644          0     random_address=43:7b:6f:0c:0f:63
root-canal D 07-02 21:14:37.489 dual_mode_controller.cc:2314          0  << LE Set Extended Scan Parameters
root-canal D 07-02 21:14:37.491 dual_mode_controller.cc:2327          0  << LE Set Extended Scan Enable
root-canal D 07-02 21:14:37.491 dual_mode_controller.cc:2328          0     enable=true
root-canal D 07-02 21:22:00.661 dual_mode_controller.cc:2327          0  << LE Set Extended Scan Enable
root-canal D 07-02 21:22:00.661 dual_mode_controller.cc:2328          0     enable=false
root-canal D 07-02 21:22:00.663 dual_mode_controller.cc:1643          0  << LE Set Random Address
root-canal D 07-02 21:22:00.663 dual_mode_controller.cc:1644          0     random_address=50:cc:80:b7:c3:4c
root-canal D 07-02 21:22:00.665 dual_mode_controller.cc:2314          0  << LE Set Extended Scan Parameters
root-canal D 07-02 21:22:00.666 dual_mode_controller.cc:2327          0  << LE Set Extended Scan Enable
root-canal D 07-02 21:22:00.666 dual_mode_controller.cc:2328          0     enable=true
root-canal D 07-02 21:30:08.587 dual_mode_controller.cc:2327          0  << LE Set Extended Scan Enable
root-canal D 07-02 21:30:08.587 dual_mode_controller.cc:2328          0     enable=false
root-canal D 07-02 21:30:08.589 dual_mode_controller.cc:1643          0  << LE Set Random Address
root-canal D 07-02 21:30:08.589 dual_mode_controller.cc:1644          0     random_address=56:1d:a1:b4:29:bf
root-canal D 07-02 21:30:08.590 dual_mode_controller.cc:2314          0  << LE Set Extended Scan Parameters
root-canal D 07-02 21:30:08.591 dual_mode_controller.cc:2327          0  << LE Set Extended Scan Enable
root-canal D 07-02 21:30:08.591 dual_mode_controller.cc:2328          0     enable=true
root-canal D 07-02 21:37:44.101 dual_mode_controller.cc:2327          0  << LE Set Extended Scan Enable
root-canal D 07-02 21:37:44.101 dual_mode_controller.cc:2328          0     enable=false
root-canal D 07-02 21:37:44.104 dual_mode_controller.cc:1643          0  << LE Set Random Address
root-canal D 07-02 21:37:44.104 dual_mode_controller.cc:1644          0     random_address=62:27:4c:ea:ea:a3
root-canal D 07-02 21:37:44.106 dual_mode_controller.cc:2314          0  << LE Set Extended Scan Parameters
root-canal D 07-02 21:37:44.108 dual_mode_controller.cc:2327          0  << LE Set Extended Scan Enable
root-canal D 07-02 21:37:44.108 dual_mode_controller.cc:2328          0     enable=true
root-canal D 07-02 21:46:10.265 dual_mode_controller.cc:2327          0  << LE Set Extended Scan Enable
root-canal D 07-02 21:46:10.265 dual_mode_controller.cc:2328          0     enable=false
root-canal D 07-02 21:46:10.268 dual_mode_controller.cc:1643          0  << LE Set Random Address
root-canal D 07-02 21:46:10.268 dual_mode_controller.cc:1644          0     random_address=4a:5d:10:05:9d:ef
root-canal D 07-02 21:46:10.270 dual_mode_controller.cc:2314          0  << LE Set Extended Scan Parameters
root-canal D 07-02 21:46:10.271 dual_mode_controller.cc:2327          0  << LE Set Extended Scan Enable
root-canal D 07-02 21:46:10.272 dual_mode_controller.cc:2328          0     enable=true
root-canal D 07-02 21:55:02.717 dual_mode_controller.cc:2327          0  << LE Set Extended Scan Enable
root-canal D 07-02 21:55:02.717 dual_mode_controller.cc:2328          0     enable=false
root-canal D 07-02 21:55:02.719 dual_mode_controller.cc:1643          0  << LE Set Random Address
root-canal D 07-02 21:55:02.719 dual_mode_controller.cc:1644          0     random_address=75:1a:be:94:97:66
root-canal D 07-02 21:55:02.721 dual_mode_controller.cc:2314          0  << LE Set Extended Scan Parameters
root-canal D 07-02 21:55:02.723 dual_mode_controller.cc:2327          0  << LE Set Extended Scan Enable
root-canal D 07-02 21:55:02.723 dual_mode_controller.cc:2328          0     enable=true
root-canal D 07-02 22:03:17.304 dual_mode_controller.cc:2327          0  << LE Set Extended Scan Enable
root-canal D 07-02 22:03:17.304 dual_mode_controller.cc:2328          0     enable=false
root-canal D 07-02 22:03:17.307 dual_mode_controller.cc:1643          0  << LE Set Random Address
root-canal D 07-02 22:03:17.307 dual_mode_controller.cc:1644          0     random_address=76:03:ca:59:7b:d1
root-canal D 07-02 22:03:17.310 dual_mode_controller.cc:2314          0  << LE Set Extended Scan Parameters
root-canal D 07-02 22:03:17.312 dual_mode_controller.cc:2327          0  << LE Set Extended Scan Enable
root-canal D 07-02 22:03:17.312 dual_mode_controller.cc:2328          0     enable=true
root-canal D 07-02 22:12:02.621 dual_mode_controller.cc:2327          0  << LE Set Extended Scan Enable
root-canal D 07-02 22:12:02.621 dual_mode_controller.cc:2328          0     enable=false
root-canal D 07-02 22:12:02.635 dual_mode_controller.cc:1643          0  << LE Set Random Address
root-canal D 07-02 22:12:02.635 dual_mode_controller.cc:1644          0     random_address=70:f9:65:59:50:08
root-canal D 07-02 22:12:02.637 dual_mode_controller.cc:2314          0  << LE Set Extended Scan Parameters
root-canal D 07-02 22:12:02.638 dual_mode_controller.cc:2327          0  << LE Set Extended Scan Enable
root-canal D 07-02 22:12:02.638 dual_mode_controller.cc:2328          0     enable=true
root-canal D 07-02 22:19:52.319 dual_mode_controller.cc:2327          0  << LE Set Extended Scan Enable
root-canal D 07-02 22:19:52.319 dual_mode_controller.cc:2328          0     enable=false
root-canal D 07-02 22:19:52.321 dual_mode_controller.cc:1643          0  << LE Set Random Address
root-canal D 07-02 22:19:52.321 dual_mode_controller.cc:1644          0     random_address=43:e2:61:ba:70:5a
root-canal D 07-02 22:19:52.323 dual_mode_controller.cc:2314          0  << LE Set Extended Scan Parameters
root-canal D 07-02 22:19:52.325 dual_mode_controller.cc:2327          0  << LE Set Extended Scan Enable
root-canal D 07-02 22:19:52.325 dual_mode_controller.cc:2328          0     enable=true
root-canal D 07-02 22:27:30.532 dual_mode_controller.cc:2327          0  << LE Set Extended Scan Enable
root-canal D 07-02 22:27:30.532 dual_mode_controller.cc:2328          0     enable=false
root-canal D 07-02 22:27:30.534 dual_mode_controller.cc:1643          0  << LE Set Random Address
root-canal D 07-02 22:27:30.534 dual_mode_controller.cc:1644          0     random_address=51:f3:2b:96:12:eb
root-canal D 07-02 22:27:30.536 dual_mode_controller.cc:2314          0  << LE Set Extended Scan Parameters
root-canal D 07-02 22:27:30.537 dual_mode_controller.cc:2327          0  << LE Set Extended Scan Enable
root-canal D 07-02 22:27:30.537 dual_mode_controller.cc:2328          0     enable=true
root-canal D 07-02 22:36:29.677 dual_mode_controller.cc:2327          0  << LE Set Extended Scan Enable
root-canal D 07-02 22:36:29.677 dual_mode_controller.cc:2328          0     enable=false
root-canal D 07-02 22:36:29.679 dual_mode_controller.cc:1643          0  << LE Set Random Address
root-canal D 07-02 22:36:29.679 dual_mode_controller.cc:1644          0     random_address=73:9e:63:13:6b:3d
root-canal D 07-02 22:36:29.681 dual_mode_controller.cc:2314          0  << LE Set Extended Scan Parameters
root-canal D 07-02 22:36:29.683 dual_mode_controller.cc:2327          0  << LE Set Extended Scan Enable
root-canal D 07-02 22:36:29.683 dual_mode_controller.cc:2328          0     enable=true
root-canal D 07-02 22:44:29.652 dual_mode_controller.cc:2327          0  << LE Set Extended Scan Enable
root-canal D 07-02 22:44:29.652 dual_mode_controller.cc:2328          0     enable=false
root-canal D 07-02 22:44:29.655 dual_mode_controller.cc:1643          0  << LE Set Random Address
root-canal D 07-02 22:44:29.655 dual_mode_controller.cc:1644          0     random_address=7f:b4:20:67:5a:33
root-canal D 07-02 22:44:29.657 dual_mode_controller.cc:2314          0  << LE Set Extended Scan Parameters
root-canal D 07-02 22:44:29.658 dual_mode_controller.cc:2327          0  << LE Set Extended Scan Enable
root-canal D 07-02 22:44:29.658 dual_mode_controller.cc:2328          0     enable=true
root-canal D 07-02 22:51:57.072 dual_mode_controller.cc:2327          0  << LE Set Extended Scan Enable
root-canal D 07-02 22:51:57.072 dual_mode_controller.cc:2328          0     enable=false
root-canal D 07-02 22:51:57.075 dual_mode_controller.cc:1643          0  << LE Set Random Address
root-canal D 07-02 22:51:57.075 dual_mode_controller.cc:1644          0     random_address=77:07:d7:ea:9d:1a
root-canal D 07-02 22:51:57.077 dual_mode_controller.cc:2314          0  << LE Set Extended Scan Parameters
root-canal D 07-02 22:51:57.078 dual_mode_controller.cc:2327          0  << LE Set Extended Scan Enable
root-canal D 07-02 22:51:57.078 dual_mode_controller.cc:2328          0     enable=true
root-canal D 07-02 22:59:54.640 dual_mode_controller.cc:2327          0  << LE Set Extended Scan Enable
root-canal D 07-02 22:59:54.640 dual_mode_controller.cc:2328          0     enable=false
root-canal D 07-02 22:59:54.642 dual_mode_controller.cc:1643          0  << LE Set Random Address
root-canal D 07-02 22:59:54.642 dual_mode_controller.cc:1644          0     random_address=76:94:6a:bf:b1:a4
root-canal D 07-02 22:59:54.645 dual_mode_controller.cc:2314          0  << LE Set Extended Scan Parameters
root-canal D 07-02 22:59:54.646 dual_mode_controller.cc:2327          0  << LE Set Extended Scan Enable
root-canal D 07-02 22:59:54.646 dual_mode_controller.cc:2328          0     enable=true
root-canal D 07-02 23:08:32.581 dual_mode_controller.cc:2327          0  << LE Set Extended Scan Enable
root-canal D 07-02 23:08:32.581 dual_mode_controller.cc:2328          0     enable=false
root-canal D 07-02 23:08:32.583 dual_mode_controller.cc:1643          0  << LE Set Random Address
root-canal D 07-02 23:08:32.583 dual_mode_controller.cc:1644          0     random_address=56:8a:44:ff:e8:1f
root-canal D 07-02 23:08:32.584 dual_mode_controller.cc:2314          0  << LE Set Extended Scan Parameters
root-canal D 07-02 23:08:32.585 dual_mode_controller.cc:2327          0  << LE Set Extended Scan Enable
root-canal D 07-02 23:08:32.585 dual_mode_controller.cc:2328          0     enable=true
root-canal I 07-02 23:13:10.863 hci_device.cc:97                      0  HCI transport closed
root-canal I 07-02 23:13:10.863 test_model.cc:79                         StopTimer()
